{"message":"Unauthorized request to path: /","level":"error"}
{"message":"bookmark with id ${id} not found.","level":"error"}
{"message":"bookmark with id ${id} not found.","level":"error"}
{"message":"bookmark with id ${id} not found.","level":"error"}
{"message":"Bookmark with id 3635b7a6-d807-4cd1-96d8-4ea1937002c5 created","level":"info"}
{"message":"Bookmark with id 1 deleted","level":"info"}
{"message":"Bookmark with id 2d3bb7b9-bd74-48a0-b327-bda36fcca6d7 created","level":"info"}
{"message":"test me","level":"error"}
{"message":"test me","level":"error"}
{"message":"false is required","level":"error"}
{"message":"[object Object] is required","level":"error"}
{"message":"title,url,rating is required","level":"error"}
{"message":"Rating is not valid","level":"error"}
{"message":"Rating is not valid","level":"error"}
{"message":"Rating is not valid","level":"error"}
{"message":"Bookmark with id 4866c114-1be3-45d0-a5d3-d431d0b761f7 created","level":"info"}
{"message":"Rating is not valid","level":"error"}
{"message":"Bookmark with id 050b596f-47f0-4ad1-bb19-a5555279ec49 created","level":"info"}
{"message":"Bookmark with id 2 deleted","level":"info"}
{"message":"Unauthorized request to path: /","level":"error"}
{"message":"Unauthorized request to path: /","level":"error"}
{"message":"Unauthorized request to path: /bookmarks","level":"error"}
{"message":"Unauthorized request to path: /bookmarks","level":"error"}
{"message":"Unauthorized request to path: /bookmarks","level":"error"}
{"message":"bookmark with id 123456 not found.","level":"error"}
{"message":"bookmark with id 123456 not found.","level":"error"}
{"message":"bookmark with id 123456 not found.","level":"error"}
{"message":"bookmark with id 11 not found.","level":"error"}
